#
# There is insufficient memory for the Java Runtime Environment to continue.
# Native memory allocation (malloc) failed to allocate 32744 bytes for ChunkPool::allocate
# Possible reasons:
#   The system is out of physical RAM or swap space
#   The process is running with CompressedOops enabled, and the Java Heap may be blocking the growth of the native heap
# Possible solutions:
#   Reduce memory load on the system
#   Increase physical memory or swap space
#   Check if swap backing store is full
#   Decrease Java heap size (-Xmx/-Xms)
#   Decrease number of Java threads
#   Decrease Java thread stack sizes (-Xss)
#   Set larger code cache with -XX:ReservedCodeCacheSize=
#   JVM is running with Unscaled Compressed Oops mode in which the Java heap is
#     placed in the first 4GB address space. The Java Heap base address is the
#     maximum limit for the native heap growth. Please use -XX:HeapBaseMinAddress
#     to set the Java Heap base and to place the Java Heap above 4GB virtual address.
# This output file may be truncated or incomplete.
#
#  Out of Memory Error (arena.cpp:78), pid=14208, tid=13332
#
# JRE version: Java(TM) SE Runtime Environment (17.0+35) (build 17+35-LTS-2724)
# Java VM: Java HotSpot(TM) 64-Bit Server VM (17+35-LTS-2724, mixed mode, sharing, tiered, compressed oops, compressed class ptrs, g1 gc, windows-amd64)
# No core dump will be written. Minidumps are not enabled by default on client versions of Windows
#

---------------  S U M M A R Y ------------

Command Line: -Dfile.encoding=Cp1252 -XX:+ShowCodeDetailsInExceptionMessages InterfaceGraphique.Authentification

Host: Intel(R) Celeron(R) CPU  N2830  @ 2.16GHz, 2 cores, 7G,  Windows 10 , 64 bit Build 19041 (10.0.19041.2251)
Time: Wed Nov 23 13:38:14 2022 Romance Standard Time elapsed time: 439.670355 seconds (0d 0h 7m 19s)

---------------  T H R E A D  ---------------

Current thread (0x000002e5188effe0):  JavaThread "C1 CompilerThread0" daemon [_thread_in_native, id=13332, stack(0x000000f623a00000,0x000000f623b00000)]


Current CompileTask:
C1: 439670 1608       3       sun.util.locale.StringTokenIterator::nextDelimiter (116 bytes)

Stack: [0x000000f623a00000,0x000000f623b00000]
Native frames: (J=compiled Java code, j=interpreted, Vv=VM code, C=native code)
V  [jvm.dll+0x66f8ea]
V  [jvm.dll+0x7ce224]
V  [jvm.dll+0x7cf9ce]
V  [jvm.dll+0x7d0033]
V  [jvm.dll+0x242bb5]
V  [jvm.dll+0xaa2a0]
V  [jvm.dll+0xaa5ec]
V  [jvm.dll+0x173653]
V  [jvm.dll+0x17371e]
V  [jvm.dll+0x176067]
V  [jvm.dll+0x1780b1]
V  [jvm.dll+0x1323c3]
V  [jvm.dll+0x131cbf]
V  [jvm.dll+0x131ef6]
V  [jvm.dll+0x13138a]
V  [jvm.dll+0x133051]
V  [jvm.dll+0x2248f8]
V  [jvm.dll+0x222a5c]
V  [jvm.dll+0x78422b]
V  [jvm.dll+0x77e7ea]
V  [jvm.dll+0x66e715]
C  [ucrtbase.dll+0x21bb2]
C  [KERNEL32.DLL+0x174b4]
C  [ntdll.dll+0x526a1]


---------------  P R O C E S S  ---------------

Threads class SMR info:
_java_thread_list=0x000002e51a4309b0, length=17, elements={
0x000002e518864b60, 0x000002e518865960, 0x000002e51887a320, 0x000002e51887abe0,
0x000002e51887b4a0, 0x000002e51887bd60, 0x000002e51887ca00, 0x000002e5188effe0,
0x000002e5188f4510, 0x000002e5194831a0, 0x000002e51948b930, 0x000002e519686010,
0x000002e51968aa80, 0x000002e51968af50, 0x000002e519696200, 0x000002e57b2a1a90,
0x000002e51a3ed410
}

Java Threads: ( => current thread )
  0x000002e518864b60 JavaThread "Reference Handler" daemon [_thread_blocked, id=5136, stack(0x000000f623300000,0x000000f623400000)]
  0x000002e518865960 JavaThread "Finalizer" daemon [_thread_blocked, id=13004, stack(0x000000f623400000,0x000000f623500000)]
  0x000002e51887a320 JavaThread "Signal Dispatcher" daemon [_thread_blocked, id=16240, stack(0x000000f623500000,0x000000f623600000)]
  0x000002e51887abe0 JavaThread "Attach Listener" daemon [_thread_blocked, id=10944, stack(0x000000f623600000,0x000000f623700000)]
  0x000002e51887b4a0 JavaThread "Service Thread" daemon [_thread_blocked, id=6020, stack(0x000000f623700000,0x000000f623800000)]
  0x000002e51887bd60 JavaThread "Monitor Deflation Thread" daemon [_thread_blocked, id=856, stack(0x000000f623800000,0x000000f623900000)]
  0x000002e51887ca00 JavaThread "C2 CompilerThread0" daemon [_thread_blocked, id=6476, stack(0x000000f623900000,0x000000f623a00000)]
=>0x000002e5188effe0 JavaThread "C1 CompilerThread0" daemon [_thread_in_native, id=13332, stack(0x000000f623a00000,0x000000f623b00000)]
  0x000002e5188f4510 JavaThread "Sweeper thread" daemon [_thread_blocked, id=19292, stack(0x000000f623b00000,0x000000f623c00000)]
  0x000002e5194831a0 JavaThread "Notification Thread" daemon [_thread_blocked, id=4992, stack(0x000000f623c00000,0x000000f623d00000)]
  0x000002e51948b930 JavaThread "Common-Cleaner" daemon [_thread_blocked, id=17420, stack(0x000000f623e00000,0x000000f623f00000)]
  0x000002e519686010 JavaThread "Java2D Disposer" daemon [_thread_blocked, id=18856, stack(0x000000f623f00000,0x000000f624000000)]
  0x000002e51968aa80 JavaThread "AWT-Shutdown" [_thread_blocked, id=14840, stack(0x000000f624000000,0x000000f624100000)]
  0x000002e51968af50 JavaThread "AWT-Windows" daemon [_thread_in_native, id=636, stack(0x000000f624100000,0x000000f624200000)]
  0x000002e519696200 JavaThread "AWT-EventQueue-0" [_thread_in_native, id=14892, stack(0x000000f624200000,0x000000f624300000)]
  0x000002e57b2a1a90 JavaThread "DestroyJavaVM" [_thread_blocked, id=17984, stack(0x000000f622c00000,0x000000f622d00000)]
  0x000002e51a3ed410 JavaThread "TimerQueue" daemon [_thread_blocked, id=14032, stack(0x000000f624800000,0x000000f624900000)]

Other Threads:
  0x000002e51885b870 VMThread "VM Thread" [stack: 0x000000f623200000,0x000000f623300000] [id=8604]
  0x000002e519485680 WatcherThread [stack: 0x000000f623d00000,0x000000f623e00000] [id=17108]
  0x000002e57b2e0b40 GCTaskThread "GC Thread#0" [stack: 0x000000f622d00000,0x000000f622e00000] [id=8720]
  0x000002e51a3e8eb0 GCTaskThread "GC Thread#1" [stack: 0x000000f624600000,0x000000f624700000] [id=15792]
  0x000002e57b2f2620 ConcurrentGCThread "G1 Main Marker" [stack: 0x000000f622e00000,0x000000f622f00000] [id=19144]
  0x000002e57b2f3820 ConcurrentGCThread "G1 Conc#0" [stack: 0x000000f622f00000,0x000000f623000000] [id=14388]
  0x000002e57b3640b0 ConcurrentGCThread "G1 Refine#0" [stack: 0x000000f623000000,0x000000f623100000] [id=16076]
  0x000002e51a3e9560 ConcurrentGCThread "G1 Refine#1" [stack: 0x000000f624700000,0x000000f624800000] [id=6244]
  0x000002e57b3649e0 ConcurrentGCThread "G1 Service" [stack: 0x000000f623100000,0x000000f623200000] [id=18464]

Threads with active compile tasks:
C1 CompilerThread0   439816 1608       3       sun.util.locale.StringTokenIterator::nextDelimiter (116 bytes)

VM state: not at safepoint (normal execution)

VM Mutex/Monitor currently owned by a thread: None

Heap address: 0x0000000081c00000, size: 2020 MB, Compressed Oops mode: 32-bit

CDS archive(s) mapped at: [0x0000000800000000-0x0000000800bc0000-0x0000000800bc0000), size 12320768, SharedBaseAddress: 0x0000000800000000, ArchiveRelocationMode: 0.
Compressed class space mapped at: 0x0000000800c00000-0x0000000840c00000, reserved size: 1073741824
Narrow klass base: 0x0000000800000000, Narrow klass shift: 0, Narrow klass range: 0x100000000

GC Precious Log:
 CPUs: 2 total, 2 available
 Memory: 8078M
 Large Page Support: Disabled
 NUMA Support: Disabled
 Compressed Oops: Enabled (32-bit)
 Heap Region Size: 1M
 Heap Min Capacity: 8M
 Heap Initial Capacity: 128M
 Heap Max Capacity: 2020M
 Pre-touch: Disabled
 Parallel Workers: 2
 Concurrent Workers: 1
 Concurrent Refinement Workers: 2
 Periodic GC: Disabled

Heap:
 garbage-first heap   total 131072K, used 11385K [0x0000000081c00000, 0x0000000100000000)
  region size 1024K, 6 young (6144K), 1 survivors (1024K)
 Metaspace       used 9156K, committed 9344K, reserved 1056768K
  class space    used 1025K, committed 1152K, reserved 1048576K

Heap Regions: E=young(eden), S=young(survivor), O=old, HS=humongous(starts), HC=humongous(continues), CS=collection set, F=free, OA=open archive, CA=closed archive, TAMS=top-at-mark-start (previous, next)
|   0|0x0000000081c00000, 0x0000000081d00000, 0x0000000081d00000|100%|HS|  |TAMS 0x0000000081c00000, 0x0000000081c00000| Complete 
|   1|0x0000000081d00000, 0x0000000081e00000, 0x0000000081e00000|100%|HC|  |TAMS 0x0000000081d00000, 0x0000000081d00000| Complete 
|   2|0x0000000081e00000, 0x0000000081f00000, 0x0000000081f00000|100%| O|  |TAMS 0x0000000081e00000, 0x0000000081e00000| Untracked 
|   3|0x0000000081f00000, 0x0000000081f1e600, 0x0000000082000000| 11%| O|  |TAMS 0x0000000081f00000, 0x0000000081f00000| Untracked 
|   4|0x0000000082000000, 0x0000000082100000, 0x0000000082100000|100%|HS|  |TAMS 0x0000000082000000, 0x0000000082000000| Complete 
|   5|0x0000000082100000, 0x0000000082200000, 0x0000000082200000|100%|HC|  |TAMS 0x0000000082100000, 0x0000000082100000| Complete 
|   6|0x0000000082200000, 0x0000000082300000, 0x0000000082300000|100%|HC|  |TAMS 0x0000000082200000, 0x0000000082200000| Complete 
|   7|0x0000000082300000, 0x0000000082300000, 0x0000000082400000|  0%| F|  |TAMS 0x0000000082300000, 0x0000000082300000| Untracked 
|   8|0x0000000082400000, 0x0000000082400000, 0x0000000082500000|  0%| F|  |TAMS 0x0000000082400000, 0x0000000082400000| Untracked 
|   9|0x0000000082500000, 0x0000000082500000, 0x0000000082600000|  0%| F|  |TAMS 0x0000000082500000, 0x0000000082500000| Untracked 
|  10|0x0000000082600000, 0x0000000082600000, 0x0000000082700000|  0%| F|  |TAMS 0x0000000082600000, 0x0000000082600000| Untracked 
|  11|0x0000000082700000, 0x0000000082700000, 0x0000000082800000|  0%| F|  |TAMS 0x0000000082700000, 0x0000000082700000| Untracked 
|  12|0x0000000082800000, 0x0000000082800000, 0x0000000082900000|  0%| F|  |TAMS 0x0000000082800000, 0x0000000082800000| Untracked 
|  13|0x0000000082900000, 0x0000000082900000, 0x0000000082a00000|  0%| F|  |TAMS 0x0000000082900000, 0x0000000082900000| Untracked 
|  14|0x0000000082a00000, 0x0000000082a00000, 0x0000000082b00000|  0%| F|  |TAMS 0x0000000082a00000, 0x0000000082a00000| Untracked 
|  15|0x0000000082b00000, 0x0000000082b00000, 0x0000000082c00000|  0%| F|  |TAMS 0x0000000082b00000, 0x0000000082b00000| Untracked 
|  16|0x0000000082c00000, 0x0000000082c00000, 0x0000000082d00000|  0%| F|  |TAMS 0x0000000082c00000, 0x0000000082c00000| Untracked 
|  17|0x0000000082d00000, 0x0000000082d00000, 0x0000000082e00000|  0%| F|  |TAMS 0x0000000082d00000, 0x0000000082d00000| Untracked 
|  18|0x0000000082e00000, 0x0000000082e00000, 0x0000000082f00000|  0%| F|  |TAMS 0x0000000082e00000, 0x0000000082e00000| Untracked 
|  19|0x0000000082f00000, 0x0000000082f00000, 0x0000000083000000|  0%| F|  |TAMS 0x0000000082f00000, 0x0000000082f00000| Untracked 
|  20|0x0000000083000000, 0x0000000083000000, 0x0000000083100000|  0%| F|  |TAMS 0x0000000083000000, 0x0000000083000000| Untracked 
|  21|0x0000000083100000, 0x0000000083100000, 0x0000000083200000|  0%| F|  |TAMS 0x0000000083100000, 0x0000000083100000| Untracked 
|  22|0x0000000083200000, 0x0000000083200000, 0x0000000083300000|  0%| F|  |TAMS 0x0000000083200000, 0x0000000083200000| Untracked 
|  23|0x0000000083300000, 0x0000000083300000, 0x0000000083400000|  0%| F|  |TAMS 0x0000000083300000, 0x0000000083300000| Untracked 
|  24|0x0000000083400000, 0x0000000083400000, 0x0000000083500000|  0%| F|  |TAMS 0x0000000083400000, 0x0000000083400000| Untracked 
|  25|0x0000000083500000, 0x0000000083500000, 0x0000000083600000|  0%| F|  |TAMS 0x0000000083500000, 0x0000000083500000| Untracked 
|  26|0x0000000083600000, 0x0000000083600000, 0x0000000083700000|  0%| F|  |TAMS 0x0000000083600000, 0x0000000083600000| Untracked 
|  27|0x0000000083700000, 0x0000000083700000, 0x0000000083800000|  0%| F|  |TAMS 0x0000000083700000, 0x0000000083700000| Untracked 
|  28|0x0000000083800000, 0x0000000083800000, 0x0000000083900000|  0%| F|  |TAMS 0x0000000083800000, 0x0000000083800000| Untracked 
|  29|0x0000000083900000, 0x0000000083900000, 0x0000000083a00000|  0%| F|  |TAMS 0x0000000083900000, 0x0000000083900000| Untracked 
|  30|0x0000000083a00000, 0x0000000083a00000, 0x0000000083b00000|  0%| F|  |TAMS 0x0000000083a00000, 0x0000000083a00000| Untracked 
|  31|0x0000000083b00000, 0x0000000083b00000, 0x0000000083c00000|  0%| F|  |TAMS 0x0000000083b00000, 0x0000000083b00000| Untracked 
|  32|0x0000000083c00000, 0x0000000083c00000, 0x0000000083d00000|  0%| F|  |TAMS 0x0000000083c00000, 0x0000000083c00000| Untracked 
|  33|0x0000000083d00000, 0x0000000083d00000, 0x0000000083e00000|  0%| F|  |TAMS 0x0000000083d00000, 0x0000000083d00000| Untracked 
|  34|0x0000000083e00000, 0x0000000083e00000, 0x0000000083f00000|  0%| F|  |TAMS 0x0000000083e00000, 0x0000000083e00000| Untracked 
|  35|0x0000000083f00000, 0x0000000083f00000, 0x0000000084000000|  0%| F|  |TAMS 0x0000000083f00000, 0x0000000083f00000| Untracked 
|  36|0x0000000084000000, 0x0000000084000000, 0x0000000084100000|  0%| F|  |TAMS 0x0000000084000000, 0x0000000084000000| Untracked 
|  37|0x0000000084100000, 0x0000000084100000, 0x0000000084200000|  0%| F|  |TAMS 0x0000000084100000, 0x0000000084100000| Untracked 
|  38|0x0000000084200000, 0x0000000084200000, 0x0000000084300000|  0%| F|  |TAMS 0x0000000084200000, 0x0000000084200000| Untracked 
|  39|0x0000000084300000, 0x0000000084300000, 0x0000000084400000|  0%| F|  |TAMS 0x0000000084300000, 0x0000000084300000| Untracked 
|  40|0x0000000084400000, 0x0000000084400000, 0x0000000084500000|  0%| F|  |TAMS 0x0000000084400000, 0x0000000084400000| Untracked 
|  41|0x0000000084500000, 0x0000000084500000, 0x0000000084600000|  0%| F|  |TAMS 0x0000000084500000, 0x0000000084500000| Untracked 
|  42|0x0000000084600000, 0x0000000084600000, 0x0000000084700000|  0%| F|  |TAMS 0x0000000084600000, 0x0000000084600000| Untracked 
|  43|0x0000000084700000, 0x0000000084700000, 0x0000000084800000|  0%| F|  |TAMS 0x0000000084700000, 0x0000000084700000| Untracked 
|  44|0x0000000084800000, 0x0000000084800000, 0x0000000084900000|  0%| F|  |TAMS 0x0000000084800000, 0x0000000084800000| Untracked 
|  45|0x0000000084900000, 0x0000000084900000, 0x0000000084a00000|  0%| F|  |TAMS 0x0000000084900000, 0x0000000084900000| Untracked 
|  46|0x0000000084a00000, 0x0000000084a00000, 0x0000000084b00000|  0%| F|  |TAMS 0x0000000084a00000, 0x0000000084a00000| Untracked 
|  47|0x0000000084b00000, 0x0000000084b00000, 0x0000000084c00000|  0%| F|  |TAMS 0x0000000084b00000, 0x0000000084b00000| Untracked 
|  48|0x0000000084c00000, 0x0000000084c00000, 0x0000000084d00000|  0%| F|  |TAMS 0x0000000084c00000, 0x0000000084c00000| Untracked 
|  49|0x0000000084d00000, 0x0000000084d00000, 0x0000000084e00000|  0%| F|  |TAMS 0x0000000084d00000, 0x0000000084d00000| Untracked 
|  50|0x0000000084e00000, 0x0000000084e00000, 0x0000000084f00000|  0%| F|  |TAMS 0x0000000084e00000, 0x0000000084e00000| Untracked 
|  51|0x0000000084f00000, 0x0000000084f00000, 0x0000000085000000|  0%| F|  |TAMS 0x0000000084f00000, 0x0000000084f00000| Untracked 
|  52|0x0000000085000000, 0x0000000085000000, 0x0000000085100000|  0%| F|  |TAMS 0x0000000085000000, 0x0000000085000000| Untracked 
|  53|0x0000000085100000, 0x0000000085100000, 0x0000000085200000|  0%| F|  |TAMS 0x0000000085100000, 0x0000000085100000| Untracked 
|  54|0x0000000085200000, 0x0000000085200000, 0x0000000085300000|  0%| F|  |TAMS 0x0000000085200000, 0x0000000085200000| Untracked 
|  55|0x0000000085300000, 0x0000000085300000, 0x0000000085400000|  0%| F|  |TAMS 0x0000000085300000, 0x0000000085300000| Untracked 
|  56|0x0000000085400000, 0x0000000085400000, 0x0000000085500000|  0%| F|  |TAMS 0x0000000085400000, 0x0000000085400000| Untracked 
|  57|0x0000000085500000, 0x0000000085500000, 0x0000000085600000|  0%| F|  |TAMS 0x0000000085500000, 0x0000000085500000| Untracked 
|  58|0x0000000085600000, 0x0000000085600000, 0x0000000085700000|  0%| F|  |TAMS 0x0000000085600000, 0x0000000085600000| Untracked 
|  59|0x0000000085700000, 0x0000000085700000, 0x0000000085800000|  0%| F|  |TAMS 0x0000000085700000, 0x0000000085700000| Untracked 
|  60|0x0000000085800000, 0x0000000085800000, 0x0000000085900000|  0%| F|  |TAMS 0x0000000085800000, 0x0000000085800000| Untracked 
|  61|0x0000000085900000, 0x0000000085900000, 0x0000000085a00000|  0%| F|  |TAMS 0x0000000085900000, 0x0000000085900000| Untracked 
|  62|0x0000000085a00000, 0x0000000085a00000, 0x0000000085b00000|  0%| F|  |TAMS 0x0000000085a00000, 0x0000000085a00000| Untracked 
|  63|0x0000000085b00000, 0x0000000085b00000, 0x0000000085c00000|  0%| F|  |TAMS 0x0000000085b00000, 0x0000000085b00000| Untracked 
|  64|0x0000000085c00000, 0x0000000085c00000, 0x0000000085d00000|  0%| F|  |TAMS 0x0000000085c00000, 0x0000000085c00000| Untracked 
|  65|0x0000000085d00000, 0x0000000085d00000, 0x0000000085e00000|  0%| F|  |TAMS 0x0000000085d00000, 0x0000000085d00000| Untracked 
|  66|0x0000000085e00000, 0x0000000085e00000, 0x0000000085f00000|  0%| F|  |TAMS 0x0000000085e00000, 0x0000000085e00000| Untracked 
|  67|0x0000000085f00000, 0x0000000085f00000, 0x0000000086000000|  0%| F|  |TAMS 0x0000000085f00000, 0x0000000085f00000| Untracked 
|  68|0x0000000086000000, 0x0000000086000000, 0x0000000086100000|  0%| F|  |TAMS 0x0000000086000000, 0x0000000086000000| Untracked 
|  69|0x0000000086100000, 0x0000000086100000, 0x0000000086200000|  0%| F|  |TAMS 0x0000000086100000, 0x0000000086100000| Untracked 
|  70|0x0000000086200000, 0x0000000086200000, 0x0000000086300000|  0%| F|  |TAMS 0x0000000086200000, 0x0000000086200000| Untracked 
|  71|0x0000000086300000, 0x0000000086300000, 0x0000000086400000|  0%| F|  |TAMS 0x0000000086300000, 0x0000000086300000| Untracked 
|  72|0x0000000086400000, 0x0000000086400000, 0x0000000086500000|  0%| F|  |TAMS 0x0000000086400000, 0x0000000086400000| Untracked 
|  73|0x0000000086500000, 0x0000000086500000, 0x0000000086600000|  0%| F|  |TAMS 0x0000000086500000, 0x0000000086500000| Untracked 
|  74|0x0000000086600000, 0x0000000086600000, 0x0000000086700000|  0%| F|  |TAMS 0x0000000086600000, 0x0000000086600000| Untracked 
|  75|0x0000000086700000, 0x0000000086700000, 0x0000000086800000|  0%| F|  |TAMS 0x0000000086700000, 0x0000000086700000| Untracked 
|  76|0x0000000086800000, 0x0000000086800000, 0x0000000086900000|  0%| F|  |TAMS 0x0000000086800000, 0x0000000086800000| Untracked 
|  77|0x0000000086900000, 0x0000000086900000, 0x0000000086a00000|  0%| F|  |TAMS 0x0000000086900000, 0x0000000086900000| Untracked 
|  78|0x0000000086a00000, 0x0000000086a00000, 0x0000000086b00000|  0%| F|  |TAMS 0x0000000086a00000, 0x0000000086a00000| Untracked 
|  79|0x0000000086b00000, 0x0000000086b00000, 0x0000000086c00000|  0%| F|  |TAMS 0x0000000086b00000, 0x0000000086b00000| Untracked 
|  80|0x0000000086c00000, 0x0000000086c00000, 0x0000000086d00000|  0%| F|  |TAMS 0x0000000086c00000, 0x0000000086c00000| Untracked 
|  81|0x0000000086d00000, 0x0000000086d00000, 0x0000000086e00000|  0%| F|  |TAMS 0x0000000086d00000, 0x0000000086d00000| Untracked 
|  82|0x0000000086e00000, 0x0000000086e00000, 0x0000000086f00000|  0%| F|  |TAMS 0x0000000086e00000, 0x0000000086e00000| Untracked 
|  83|0x0000000086f00000, 0x0000000086f00000, 0x0000000087000000|  0%| F|  |TAMS 0x0000000086f00000, 0x0000000086f00000| Untracked 
|  84|0x0000000087000000, 0x0000000087000000, 0x0000000087100000|  0%| F|  |TAMS 0x0000000087000000, 0x0000000087000000| Untracked 
|  85|0x0000000087100000, 0x0000000087100000, 0x0000000087200000|  0%| F|  |TAMS 0x0000000087100000, 0x0000000087100000| Untracked 
|  86|0x0000000087200000, 0x0000000087200000, 0x0000000087300000|  0%| F|  |TAMS 0x0000000087200000, 0x0000000087200000| Untracked 
|  87|0x0000000087300000, 0x0000000087300000, 0x0000000087400000|  0%| F|  |TAMS 0x0000000087300000, 0x0000000087300000| Untracked 
|  88|0x0000000087400000, 0x0000000087400000, 0x0000000087500000|  0%| F|  |TAMS 0x0000000087400000, 0x0000000087400000| Untracked 
|  89|0x0000000087500000, 0x0000000087500000, 0x0000000087600000|  0%| F|  |TAMS 0x0000000087500000, 0x0000000087500000| Untracked 
|  90|0x0000000087600000, 0x0000000087600000, 0x0000000087700000|  0%| F|  |TAMS 0x0000000087600000, 0x0000000087600000| Untracked 
|  91|0x0000000087700000, 0x0000000087700000, 0x0000000087800000|  0%| F|  |TAMS 0x0000000087700000, 0x0000000087700000| Untracked 
|  92|0x0000000087800000, 0x0000000087800000, 0x0000000087900000|  0%| F|  |TAMS 0x0000000087800000, 0x0000000087800000| Untracked 
|  93|0x0000000087900000, 0x0000000087900000, 0x0000000087a00000|  0%| F|  |TAMS 0x0000000087900000, 0x0000000087900000| Untracked 
|  94|0x0000000087a00000, 0x0000000087a00000, 0x0000000087b00000|  0%| F|  |TAMS 0x0000000087a00000, 0x0000000087a00000| Untracked 
|  95|0x0000000087b00000, 0x0000000087b00000, 0x0000000087c00000|  0%| F|  |TAMS 0x0000000087b00000, 0x0000000087b00000| Untracked 
|  96|0x0000000087c00000, 0x0000000087c00000, 0x0000000087d00000|  0%| F|  |TAMS 0x0000000087c00000, 0x0000000087c00000| Untracked 
|  97|0x0000000087d00000, 0x0000000087d00000, 0x0000000087e00000|  0%| F|  |TAMS 0x0000000087d00000, 0x0000000087d00000| Untracked 
|  98|0x0000000087e00000, 0x0000000087e00000, 0x0000000087f00000|  0%| F|  |TAMS 0x0000000087e00000, 0x0000000087e00000| Untracked 
|  99|0x0000000087f00000, 0x0000000087f00000, 0x0000000088000000|  0%| F|  |TAMS 0x0000000087f00000, 0x0000000087f00000| Untracked 
| 100|0x0000000088000000, 0x0000000088000000, 0x0000000088100000|  0%| F|  |TAMS 0x0000000088000000, 0x0000000088000000| Untracked 
| 101|0x0000000088100000, 0x0000000088100000, 0x0000000088200000|  0%| F|  |TAMS 0x0000000088100000, 0x0000000088100000| Untracked 
| 102|0x0000000088200000, 0x0000000088200000, 0x0000000088300000|  0%| F|  |TAMS 0x0000000088200000, 0x0000000088200000| Untracked 
| 103|0x0000000088300000, 0x0000000088300000, 0x0000000088400000|  0%| F|  |TAMS 0x0000000088300000, 0x0000000088300000| Untracked 
| 104|0x0000000088400000, 0x0000000088400000, 0x0000000088500000|  0%| F|  |TAMS 0x0000000088400000, 0x0000000088400000| Untracked 
| 105|0x0000000088500000, 0x0000000088500000, 0x0000000088600000|  0%| F|  |TAMS 0x0000000088500000, 0x0000000088500000| Untracked 
| 106|0x0000000088600000, 0x0000000088600000, 0x0000000088700000|  0%| F|  |TAMS 0x0000000088600000, 0x0000000088600000| Untracked 
| 107|0x0000000088700000, 0x0000000088700000, 0x0000000088800000|  0%| F|  |TAMS 0x0000000088700000, 0x0000000088700000| Untracked 
| 108|0x0000000088800000, 0x0000000088800000, 0x0000000088900000|  0%| F|  |TAMS 0x0000000088800000, 0x0000000088800000| Untracked 
| 109|0x0000000088900000, 0x0000000088900000, 0x0000000088a00000|  0%| F|  |TAMS 0x0000000088900000, 0x0000000088900000| Untracked 
| 110|0x0000000088a00000, 0x0000000088a00000, 0x0000000088b00000|  0%| F|  |TAMS 0x0000000088a00000, 0x0000000088a00000| Untracked 
| 111|0x0000000088b00000, 0x0000000088b00000, 0x0000000088c00000|  0%| F|  |TAMS 0x0000000088b00000, 0x0000000088b00000| Untracked 
| 112|0x0000000088c00000, 0x0000000088c00000, 0x0000000088d00000|  0%| F|  |TAMS 0x0000000088c00000, 0x0000000088c00000| Untracked 
| 113|0x0000000088d00000, 0x0000000088d00000, 0x0000000088e00000|  0%| F|  |TAMS 0x0000000088d00000, 0x0000000088d00000| Untracked 
| 114|0x0000000088e00000, 0x0000000088e00000, 0x0000000088f00000|  0%| F|  |TAMS 0x0000000088e00000, 0x0000000088e00000| Untracked 
| 115|0x0000000088f00000, 0x0000000088f00000, 0x0000000089000000|  0%| F|  |TAMS 0x0000000088f00000, 0x0000000088f00000| Untracked 
| 116|0x0000000089000000, 0x0000000089000000, 0x0000000089100000|  0%| F|  |TAMS 0x0000000089000000, 0x0000000089000000| Untracked 
| 117|0x0000000089100000, 0x0000000089100000, 0x0000000089200000|  0%| F|  |TAMS 0x0000000089100000, 0x0000000089100000| Untracked 
| 118|0x0000000089200000, 0x0000000089200000, 0x0000000089300000|  0%| F|  |TAMS 0x0000000089200000, 0x0000000089200000| Untracked 
| 119|0x0000000089300000, 0x0000000089300000, 0x0000000089400000|  0%| F|  |TAMS 0x0000000089300000, 0x0000000089300000| Untracked 
| 120|0x0000000089400000, 0x0000000089400000, 0x0000000089500000|  0%| F|  |TAMS 0x0000000089400000, 0x0000000089400000| Untracked 
| 121|0x0000000089500000, 0x0000000089600000, 0x0000000089600000|100%| S|CS|TAMS 0x0000000089500000, 0x0000000089500000| Complete 
| 122|0x0000000089600000, 0x0000000089600000, 0x0000000089700000|  0%| F|  |TAMS 0x0000000089600000, 0x0000000089600000| Untracked 
| 123|0x0000000089700000, 0x000000008977d338, 0x0000000089800000| 48%| E|  |TAMS 0x0000000089700000, 0x0000000089700000| Complete 
| 124|0x0000000089800000, 0x0000000089900000, 0x0000000089900000|100%| E|CS|TAMS 0x0000000089800000, 0x0000000089800000| Complete 
| 125|0x0000000089900000, 0x0000000089a00000, 0x0000000089a00000|100%| E|CS|TAMS 0x0000000089900000, 0x0000000089900000| Complete 
| 126|0x0000000089a00000, 0x0000000089b00000, 0x0000000089b00000|100%| E|CS|TAMS 0x0000000089a00000, 0x0000000089a00000| Complete 
| 127|0x0000000089b00000, 0x0000000089c00000, 0x0000000089c00000|100%| E|CS|TAMS 0x0000000089b00000, 0x0000000089b00000| Complete 

Card table byte_map: [0x000002e57b780000,0x000002e57bb80000] _byte_map_base: 0x000002e57b372000

Marking Bits (Prev, Next): (CMBitMap*) 0x000002e57b2e2070, (CMBitMap*) 0x000002e57b2e20b0
 Prev Bits: [0x000002e57bf80000, 0x000002e57df10000)
 Next Bits: [0x000002e57df10000, 0x000002e57fea0000)

Polling page: 0x000002e5790b0000

Metaspace:

Usage:
  Non-class:      7.94 MB used.
      Class:      1.00 MB used.
       Both:      8.94 MB used.

Virtual space:
  Non-class space:        8.00 MB reserved,       8.00 MB (100%) committed,  1 nodes.
      Class space:        1.00 GB reserved,       1.12 MB ( <1%) committed,  1 nodes.
             Both:        1.01 GB reserved,       9.12 MB ( <1%) committed. 

Chunk freelists:
   Non-Class:  11.00 KB
       Class:  2.74 MB
        Both:  2.75 MB

MaxMetaspaceSize: unlimited
CompressedClassSpaceSize: 1.00 GB
Initial GC threshold: 21.00 MB
Current GC threshold: 21.00 MB
CDS: on
MetaspaceReclaimPolicy: balanced
 - commit_granule_bytes: 65536.
 - commit_granule_words: 8192.
 - virtual_space_node_default_size: 1048576.
 - enlarge_chunks_in_place: 1.
 - new_chunks_are_fully_committed: 0.
 - uncommit_free_chunks: 1.
 - use_allocation_guard: 0.
 - handle_deallocations: 1.


Internal statistics:

num_allocs_failed_limit: 0.
num_arena_births: 124.
num_arena_deaths: 0.
num_vsnodes_births: 2.
num_vsnodes_deaths: 0.
num_space_committed: 146.
num_space_uncommitted: 0.
num_chunks_returned_to_freelist: 0.
num_chunks_taken_from_freelist: 188.
num_chunk_merges: 0.
num_chunk_splits: 99.
num_chunks_enlarged: 27.
num_purges: 0.
num_inconsistent_stats: 0.

CodeHeap 'non-profiled nmethods': size=120064Kb used=474Kb max_used=474Kb free=119589Kb
 bounds [0x000002e50f1f0000, 0x000002e50f460000, 0x000002e516730000]
CodeHeap 'profiled nmethods': size=120000Kb used=2872Kb max_used=2872Kb free=117127Kb
 bounds [0x000002e507cc0000, 0x000002e507f90000, 0x000002e50f1f0000]
CodeHeap 'non-nmethods': size=5696Kb used=1270Kb max_used=1311Kb free=4425Kb
 bounds [0x000002e507730000, 0x000002e5079a0000, 0x000002e507cc0000]
 total_blobs=2206 nmethods=1607 adapters=512
 compilation: enabled
              stopped_count=0, restarted_count=0
 full_count=0

Compilation events (20 events):
Event: 438.535 Thread 0x000002e5188effe0 nmethod 1598 0x000002e50f265010 code [0x000002e50f2651a0, 0x000002e50f265278]
Event: 438.535 Thread 0x000002e5188effe0 1599       1       javax.swing.AbstractButton::getHorizontalAlignment (5 bytes)
Event: 438.536 Thread 0x000002e5188effe0 nmethod 1599 0x000002e50f265310 code [0x000002e50f2654a0, 0x000002e50f265578]
Event: 438.536 Thread 0x000002e5188effe0 1600       1       javax.swing.AbstractButton::getVerticalTextPosition (5 bytes)
Event: 438.536 Thread 0x000002e5188effe0 nmethod 1600 0x000002e50f265610 code [0x000002e50f2657a0, 0x000002e50f265878]
Event: 438.536 Thread 0x000002e5188effe0 1601       1       javax.swing.AbstractButton::getHorizontalTextPosition (5 bytes)
Event: 438.536 Thread 0x000002e5188effe0 nmethod 1601 0x000002e50f265910 code [0x000002e50f265aa0, 0x000002e50f265b78]
Event: 438.536 Thread 0x000002e5188effe0 1602       1       javax.swing.AbstractButton::getIconTextGap (5 bytes)
Event: 438.536 Thread 0x000002e5188effe0 nmethod 1602 0x000002e50f265c10 code [0x000002e50f265da0, 0x000002e50f265e78]
Event: 438.668 Thread 0x000002e5188effe0 1603       3       java.lang.StringLatin1::getChars (12 bytes)
Event: 438.669 Thread 0x000002e5188effe0 nmethod 1603 0x000002e507f8c190 code [0x000002e507f8c320, 0x000002e507f8c448]
Event: 438.734 Thread 0x000002e5188effe0 1604       3       sun.java2d.SunGraphics2D::getClipBounds (102 bytes)
Event: 438.735 Thread 0x000002e5188effe0 nmethod 1604 0x000002e507f8c510 code [0x000002e507f8c760, 0x000002e507f8d1b8]
Event: 438.735 Thread 0x000002e5188effe0 1605       3       java.util.HashMap::keySet (25 bytes)
Event: 438.736 Thread 0x000002e5188effe0 nmethod 1605 0x000002e507f8d490 code [0x000002e507f8d640, 0x000002e507f8da18]
Event: 439.326 Thread 0x000002e5188effe0 1606       1       java.awt.Window::getFocusableWindowState (5 bytes)
Event: 439.327 Thread 0x000002e5188effe0 nmethod 1606 0x000002e50f265f10 code [0x000002e50f2660a0, 0x000002e50f266178]
Event: 439.342 Thread 0x000002e5188effe0 1607       3       java.util.HashMap$KeySet::iterator (12 bytes)
Event: 439.342 Thread 0x000002e5188effe0 nmethod 1607 0x000002e507f8db90 code [0x000002e507f8dd40, 0x000002e507f8dfa8]
Event: 439.600 Thread 0x000002e5188effe0 1608       3       sun.util.locale.StringTokenIterator::nextDelimiter (116 bytes)

GC Heap History (2 events):
Event: 3.111 GC heap before
{Heap before GC invocations=0 (full 0):
 garbage-first heap   total 131072K, used 8192K [0x0000000081c00000, 0x0000000100000000)
  region size 1024K, 6 young (6144K), 0 survivors (0K)
 Metaspace       used 7058K, committed 7232K, reserved 1056768K
  class space    used 810K, committed 896K, reserved 1048576K
}
Event: 3.123 GC heap after
{Heap after GC invocations=1 (full 0):
 garbage-first heap   total 131072K, used 4217K [0x0000000081c00000, 0x0000000100000000)
  region size 1024K, 1 young (1024K), 1 survivors (1024K)
 Metaspace       used 7058K, committed 7232K, reserved 1056768K
  class space    used 810K, committed 896K, reserved 1048576K
}

Deoptimization events (20 events):
Event: 23.524 Thread 0x000002e519696200 DEOPT PACKING pc=0x000002e50f20c910 sp=0x000000f6242fd100
Event: 23.524 Thread 0x000002e519696200 DEOPT UNPACKING pc=0x000002e50778239e sp=0x000000f6242fd098 mode 2
Event: 23.524 Thread 0x000002e519696200 Uncommon trap: trap_request=0xffffffde fr.pc=0x000002e50f20c910 relative=0x0000000000000190
Event: 23.524 Thread 0x000002e519696200 Uncommon trap: reason=class_check action=maybe_recompile pc=0x000002e50f20c910 method=java.lang.String.equals(Ljava/lang/Object;)Z @ 8 c2
Event: 23.524 Thread 0x000002e519696200 DEOPT PACKING pc=0x000002e50f20c910 sp=0x000000f6242fd060
Event: 23.524 Thread 0x000002e519696200 DEOPT UNPACKING pc=0x000002e50778239e sp=0x000000f6242fd008 mode 2
Event: 23.524 Thread 0x000002e519696200 Uncommon trap: trap_request=0xffffffde fr.pc=0x000002e50f20c910 relative=0x0000000000000190
Event: 23.524 Thread 0x000002e519696200 Uncommon trap: reason=class_check action=maybe_recompile pc=0x000002e50f20c910 method=java.lang.String.equals(Ljava/lang/Object;)Z @ 8 c2
Event: 23.524 Thread 0x000002e519696200 DEOPT PACKING pc=0x000002e50f20c910 sp=0x000000f6242fcfd0
Event: 23.524 Thread 0x000002e519696200 DEOPT UNPACKING pc=0x000002e50778239e sp=0x000000f6242fcf78 mode 2
Event: 31.696 Thread 0x000002e519696200 Uncommon trap: trap_request=0xffffffde fr.pc=0x000002e50f20c910 relative=0x0000000000000190
Event: 31.696 Thread 0x000002e519696200 Uncommon trap: reason=class_check action=maybe_recompile pc=0x000002e50f20c910 method=java.lang.String.equals(Ljava/lang/Object;)Z @ 8 c2
Event: 31.696 Thread 0x000002e519696200 DEOPT PACKING pc=0x000002e50f20c910 sp=0x000000f6242fdf50
Event: 31.696 Thread 0x000002e519696200 DEOPT UNPACKING pc=0x000002e50778239e sp=0x000000f6242fdef8 mode 2
Event: 48.345 Thread 0x000002e51968af50 Uncommon trap: trap_request=0xffffff45 fr.pc=0x000002e50f239bb4 relative=0x0000000000000094
Event: 48.345 Thread 0x000002e51968af50 Uncommon trap: reason=unstable_if action=reinterpret pc=0x000002e50f239bb4 method=sun.awt.AWTAutoShutdown.isReadyToShutdown()Z @ 16 c2
Event: 48.345 Thread 0x000002e51968af50 DEOPT PACKING pc=0x000002e50f239bb4 sp=0x000000f6241fed00
Event: 48.345 Thread 0x000002e51968af50 DEOPT UNPACKING pc=0x000002e50778239e sp=0x000000f6241fec98 mode 2
Event: 69.180 Thread 0x000002e519696200 DEOPT PACKING pc=0x000002e507cd88d3 sp=0x000000f6242fd540
Event: 69.180 Thread 0x000002e519696200 DEOPT UNPACKING pc=0x000002e507782b25 sp=0x000000f6242fc9b8 mode 0

Classes unloaded (0 events):
No events

Classes redefined (0 events):
No events

Internal exceptions (18 events):
Event: 0.481 Thread 0x000002e57b2a1a90 Exception <a 'java/lang/ClassNotFoundException'{0x0000000089be91a0}: sun/awt/resources/spi/awtProvider> (0x0000000089be91a0) 
thrown [t:\workspace\open\src\hotspot\share\classfile\systemDictionary.cpp, line 256]
Event: 0.694 Thread 0x000002e57b2a1a90 Exception <a 'java/io/FileNotFoundException'{0x0000000089a48048}> (0x0000000089a48048) 
thrown [t:\workspace\open\src\hotspot\share\prims\jni.cpp, line 516]
Event: 0.740 Thread 0x000002e57b2a1a90 Exception <a 'java/io/FileNotFoundException'{0x0000000089a75330}> (0x0000000089a75330) 
thrown [t:\workspace\open\src\hotspot\share\prims\jni.cpp, line 516]
Event: 0.897 Thread 0x000002e57b2a1a90 Exception <a 'java/lang/NoSuchMethodError'{0x0000000089ab27a8}: 'java.lang.Object java.lang.invoke.DirectMethodHandle$Holder.invokeStaticInit(java.lang.Object)'> (0x0000000089ab27a8) 
thrown [t:\workspace\open\src\hotspot\share\interpreter\linkResolver.cpp, line 766]
Event: 1.149 Thread 0x000002e519696200 Exception <a 'java/lang/NoSuchMethodError'{0x0000000089946218}: 'void java.lang.invoke.DirectMethodHandle$Holder.invokeSpecial(java.lang.Object, java.lang.Object, java.lang.Object)'> (0x0000000089946218) 
thrown [t:\workspace\open\src\hotspot\share\interpreter\linkResolver.cpp, line 766]
Event: 1.184 Thread 0x000002e519696200 Exception <a 'java/lang/NoSuchMethodError'{0x0000000089970550}: 'java.lang.Object java.lang.invoke.DirectMethodHandle$Holder.newInvokeSpecial(java.lang.Object, java.lang.Object, java.lang.Object, java.lang.Object, java.lang.Object)'> (0x0000000089970550) 
thrown [t:\workspace\open\src\hotspot\share\interpreter\linkResolver.cpp, line 766]
Event: 1.190 Thread 0x000002e519696200 Exception <a 'java/lang/NoSuchMethodError'{0x000000008997c1c8}: 'java.lang.Object java.lang.invoke.DirectMethodHandle$Holder.invokeStatic(java.lang.Object, int, java.lang.Object, java.lang.Object, java.lang.Object, java.lang.Object)'> (0x000000008997c1c8) 
thrown [t:\workspace\open\src\hotspot\share\interpreter\linkResolver.cpp, line 766]
Event: 1.209 Thread 0x000002e519696200 Exception <a 'java/lang/NoSuchMethodError'{0x00000000899a1d50}: 'java.lang.Object java.lang.invoke.DirectMethodHandle$Holder.invokeStatic(java.lang.Object, int, java.lang.Object)'> (0x00000000899a1d50) 
thrown [t:\workspace\open\src\hotspot\share\interpreter\linkResolver.cpp, line 766]
Event: 1.342 Thread 0x000002e519696200 Exception <a 'java/lang/ClassNotFoundException'{0x000000008985a398}: com/sun/swing/internal/plaf/metal/resources/spi/metalProvider> (0x000000008985a398) 
thrown [t:\workspace\open\src\hotspot\share\classfile\systemDictionary.cpp, line 256]
Event: 1.345 Thread 0x000002e519696200 Exception <a 'java/lang/ClassNotFoundException'{0x000000008985e468}: com/sun/swing/internal/plaf/basic/resources/spi/basicProvider> (0x000000008985e468) 
thrown [t:\workspace\open\src\hotspot\share\classfile\systemDictionary.cpp, line 256]
Event: 1.393 Thread 0x000002e519696200 Exception <a 'java/lang/NoSuchMethodError'{0x0000000089879e98}: 'void java.lang.invoke.DirectMethodHandle$Holder.invokeStaticInit(java.lang.Object)'> (0x0000000089879e98) 
thrown [t:\workspace\open\src\hotspot\share\interpreter\linkResolver.cpp, line 766]
Event: 2.876 Thread 0x000002e519696200 Exception <a 'java/io/FileNotFoundException'{0x00000000897fc238}> (0x00000000897fc238) 
thrown [t:\workspace\open\src\hotspot\share\prims\jni.cpp, line 516]
Event: 2.890 Thread 0x000002e519696200 Exception <a 'java/io/FileNotFoundException'{0x000000008960d440}> (0x000000008960d440) 
thrown [t:\workspace\open\src\hotspot\share\prims\jni.cpp, line 516]
Event: 3.071 Thread 0x000002e519696200 Exception <a 'java/io/FileNotFoundException'{0x00000000896bc4f0}> (0x00000000896bc4f0) 
thrown [t:\workspace\open\src\hotspot\share\prims\jni.cpp, line 516]
Event: 3.081 Thread 0x000002e519696200 Exception <a 'java/io/FileNotFoundException'{0x00000000896cd170}> (0x00000000896cd170) 
thrown [t:\workspace\open\src\hotspot\share\prims\jni.cpp, line 516]
Event: 19.696 Thread 0x000002e5189121c0 Exception <a 'java/lang/NoSuchMethodError'{0x0000000089bbcf48}: 'java.lang.Object java.lang.invoke.DirectMethodHandle$Holder.newInvokeSpecial(java.lang.Object, java.lang.Object, java.lang.Object, int, int, int, int, int)'> (0x0000000089bbcf48) 
thrown [t:\workspace\open\src\hotspot\share\interpreter\linkResolver.cpp, line 766]
Event: 19.846 Thread 0x000002e51968af50 Exception <a 'java/lang/NoSuchMethodError'{0x0000000089beb990}: 'void java.lang.invoke.DirectMethodHandle$Holder.invokeVirtual(java.lang.Object, java.lang.Object)'> (0x0000000089beb990) 
thrown [t:\workspace\open\src\hotspot\share\interpreter\linkResolver.cpp, line 766]
Event: 20.006 Thread 0x000002e519696200 Exception <a 'java/lang/NoSuchMethodError'{0x0000000089be8058}: 'int java.lang.invoke.DirectMethodHandle$Holder.invokeStatic(java.lang.Object)'> (0x0000000089be8058) 
thrown [t:\workspace\open\src\hotspot\share\interpreter\linkResolver.cpp, line 766]

VM Operations (20 events):
Event: 145.935 Executing VM operation: Cleanup
Event: 145.935 Executing VM operation: Cleanup done
Event: 163.117 Executing VM operation: Cleanup
Event: 163.117 Executing VM operation: Cleanup done
Event: 165.147 Executing VM operation: Cleanup
Event: 165.147 Executing VM operation: Cleanup done
Event: 171.220 Executing VM operation: Cleanup
Event: 171.220 Executing VM operation: Cleanup done
Event: 197.528 Executing VM operation: Cleanup
Event: 197.528 Executing VM operation: Cleanup done
Event: 198.541 Executing VM operation: Cleanup
Event: 198.541 Executing VM operation: Cleanup done
Event: 199.556 Executing VM operation: Cleanup
Event: 199.556 Executing VM operation: Cleanup done
Event: 202.588 Executing VM operation: Cleanup
Event: 202.588 Executing VM operation: Cleanup done
Event: 205.623 Executing VM operation: Cleanup
Event: 205.623 Executing VM operation: Cleanup done
Event: 206.638 Executing VM operation: Cleanup
Event: 206.638 Executing VM operation: Cleanup done

Events (20 events):
Event: 31.734 loading class javax/swing/event/UndoableEditEvent
Event: 31.754 loading class javax/swing/event/UndoableEditEvent done
Event: 31.755 loading class javax/swing/text/AbstractDocument$DefaultDocumentEventUndoableWrapper
Event: 31.755 loading class sun/swing/text/UndoableEditLockSupport
Event: 31.755 loading class sun/swing/text/UndoableEditLockSupport done
Event: 31.755 loading class javax/swing/text/AbstractDocument$DefaultDocumentEventUndoableWrapper done
Event: 31.755 loading class javax/swing/event/UndoableEditListener
Event: 31.755 loading class javax/swing/event/UndoableEditListener done
Event: 31.756 loading class javax/swing/RepaintManager$3
Event: 31.756 loading class javax/swing/RepaintManager$3 done
Event: 32.864 loading class javax/swing/text/GapContent$RemoveUndo
Event: 32.864 loading class javax/swing/text/GapContent$RemoveUndo done
Event: 32.865 loading class javax/swing/text/GapContent$UndoPosRef
Event: 32.865 loading class javax/swing/text/GapContent$UndoPosRef done
Event: 49.183 loading class java/awt/geom/RectIterator
Event: 49.194 loading class java/awt/geom/RectIterator done
Event: 69.239 loading class javax/swing/plaf/metal/MetalTextFieldUI
Event: 69.239 loading class javax/swing/plaf/metal/MetalTextFieldUI done
Event: 439.375 loading class javax/swing/plaf/basic/BasicButtonListener$Actions
Event: 439.392 loading class javax/swing/plaf/basic/BasicButtonListener$Actions done


Dynamic libraries:
0x00007ff653440000 - 0x00007ff653450000 	C:\Program Files\Java\jdk-17\bin\javaw.exe
0x00007ffb3a030000 - 0x00007ffb3a228000 	C:\WINDOWS\SYSTEM32\ntdll.dll
0x00007ffaf5cb0000 - 0x00007ffaf5cc7000 	C:\Program Files\Avast Software\Avast\aswhook.dll
0x00007ffb38890000 - 0x00007ffb3894f000 	C:\WINDOWS\System32\KERNEL32.DLL
0x00007ffb37df0000 - 0x00007ffb380c2000 	C:\WINDOWS\System32\KERNELBASE.dll
0x00007ffb37bd0000 - 0x00007ffb37cd0000 	C:\WINDOWS\System32\ucrtbase.dll
0x00007ffb22300000 - 0x00007ffb22318000 	C:\Program Files\Java\jdk-17\bin\jli.dll
0x00007ffb1a970000 - 0x00007ffb1a98a000 	C:\Program Files\Java\jdk-17\bin\VCRUNTIME140.dll
0x00007ffb38570000 - 0x00007ffb3861e000 	C:\WINDOWS\System32\ADVAPI32.dll
0x00007ffb387f0000 - 0x00007ffb3888e000 	C:\WINDOWS\System32\msvcrt.dll
0x00007ffb39930000 - 0x00007ffb399cc000 	C:\WINDOWS\System32\sechost.dll
0x00007ffb386c0000 - 0x00007ffb387e5000 	C:\WINDOWS\System32\RPCRT4.dll
0x00007ffb39e40000 - 0x00007ffb39fe1000 	C:\WINDOWS\System32\USER32.dll
0x00007ffb37cd0000 - 0x00007ffb37cf2000 	C:\WINDOWS\System32\win32u.dll
0x00007ffb39090000 - 0x00007ffb390bb000 	C:\WINDOWS\System32\GDI32.dll
0x00007ffb37780000 - 0x00007ffb3788f000 	C:\WINDOWS\System32\gdi32full.dll
0x00007ffb37d50000 - 0x00007ffb37ded000 	C:\WINDOWS\System32\msvcp_win.dll
0x00007ffb2d720000 - 0x00007ffb2d72a000 	C:\WINDOWS\SYSTEM32\VERSION.dll
0x00007ffb1e850000 - 0x00007ffb1eaea000 	C:\WINDOWS\WinSxS\amd64_microsoft.windows.common-controls_6595b64144ccf1df_6.0.19041.1110_none_60b5254171f9507e\COMCTL32.dll
0x00007ffb38620000 - 0x00007ffb38652000 	C:\WINDOWS\System32\IMM32.DLL
0x00007ffb28230000 - 0x00007ffb2823c000 	C:\Program Files\Java\jdk-17\bin\vcruntime140_1.dll
0x00007ffaffc60000 - 0x00007ffaffced000 	C:\Program Files\Java\jdk-17\bin\msvcp140.dll
0x00007ffaeda10000 - 0x00007ffaee5ce000 	C:\Program Files\Java\jdk-17\bin\server\jvm.dll
0x00007ffb390c0000 - 0x00007ffb390c8000 	C:\WINDOWS\System32\PSAPI.DLL
0x00007ffb20740000 - 0x00007ffb20767000 	C:\WINDOWS\SYSTEM32\WINMM.dll
0x00007ffb28b80000 - 0x00007ffb28b89000 	C:\WINDOWS\SYSTEM32\WSOCK32.dll
0x00007ffb38500000 - 0x00007ffb3856b000 	C:\WINDOWS\System32\WS2_32.dll
0x00007ffb35640000 - 0x00007ffb35652000 	C:\WINDOWS\SYSTEM32\kernel.appcore.dll
0x00007ffb34d20000 - 0x00007ffb34d2a000 	C:\Program Files\Java\jdk-17\bin\jimage.dll
0x00007ffb2d070000 - 0x00007ffb2d254000 	C:\WINDOWS\SYSTEM32\DBGHELP.DLL
0x00007ffb2d030000 - 0x00007ffb2d065000 	C:\WINDOWS\SYSTEM32\dbgcore.DLL
0x00007ffb37aa0000 - 0x00007ffb37b22000 	C:\WINDOWS\System32\bcryptPrimitives.dll
0x00007ffb22320000 - 0x00007ffb22345000 	C:\Program Files\Java\jdk-17\bin\java.dll
0x00007ffaffdc0000 - 0x00007ffaffe96000 	C:\Program Files\Java\jdk-17\bin\svml.dll
0x00007ffb391c0000 - 0x00007ffb39904000 	C:\WINDOWS\System32\SHELL32.dll
0x00007ffb35840000 - 0x00007ffb35fd2000 	C:\WINDOWS\SYSTEM32\windows.storage.dll
0x00007ffb38a80000 - 0x00007ffb38dd5000 	C:\WINDOWS\System32\combase.dll
0x00007ffb37100000 - 0x00007ffb37130000 	C:\WINDOWS\SYSTEM32\Wldp.dll
0x00007ffb38f60000 - 0x00007ffb3900d000 	C:\WINDOWS\System32\SHCORE.dll
0x00007ffb38de0000 - 0x00007ffb38e35000 	C:\WINDOWS\System32\shlwapi.dll
0x00007ffb376c0000 - 0x00007ffb376df000 	C:\WINDOWS\SYSTEM32\profapi.dll
0x00007ffaff920000 - 0x00007ffaffaaf000 	C:\Program Files\Java\jdk-17\bin\awt.dll
0x00007ffb38370000 - 0x00007ffb3843d000 	C:\WINDOWS\System32\OLEAUT32.dll
0x00007ffb35090000 - 0x00007ffb35121000 	C:\WINDOWS\SYSTEM32\apphelp.dll
0x00007ffb35170000 - 0x00007ffb3520e000 	C:\WINDOWS\system32\uxtheme.dll
0x00007ffb38e40000 - 0x00007ffb38f55000 	C:\WINDOWS\System32\MSCTF.dll
0x00007ffb38950000 - 0x00007ffb38a7a000 	C:\WINDOWS\System32\ole32.dll
0x00007ffb35350000 - 0x00007ffb3537f000 	C:\WINDOWS\system32\DWMAPI.DLL
0x00007ffb1a360000 - 0x00007ffb1a485000 	C:\WINDOWS\system32\opengl32.dll
0x00007ffb30e50000 - 0x00007ffb30e7c000 	C:\WINDOWS\SYSTEM32\GLU32.dll
0x00007ffb17bf0000 - 0x00007ffb17c79000 	C:\Program Files\Java\jdk-17\bin\freetype.dll
0x00007ffb002d0000 - 0x00007ffb00378000 	C:\Program Files\Java\jdk-17\bin\fontmanager.dll
0x00007ffafd3e0000 - 0x00007ffafd47a000 	C:\WINDOWS\system32\RICHED20.DLL
0x00007ffafadd0000 - 0x00007ffafade9000 	C:\WINDOWS\SYSTEM32\USP10.dll
0x00007ffb19f20000 - 0x00007ffb19f59000 	C:\WINDOWS\SYSTEM32\msls31.dll
0x00007ffb38440000 - 0x00007ffb384ef000 	C:\WINDOWS\System32\clbcatq.dll
0x00007ffb328e0000 - 0x00007ffb3291e000 	C:\WINDOWS\system32\dataexchange.dll
0x00007ffb33ac0000 - 0x00007ffb33ca3000 	C:\WINDOWS\system32\dcomp.dll
0x00007ffb337f0000 - 0x00007ffb33a53000 	C:\WINDOWS\system32\d3d11.dll
0x00007ffb36040000 - 0x00007ffb36133000 	C:\WINDOWS\system32\dxgi.dll
0x00007ffb322e0000 - 0x00007ffb324e0000 	C:\WINDOWS\system32\twinapi.appcore.dll
0x00007ffb32120000 - 0x00007ffb322d4000 	C:\WINDOWS\SYSTEM32\WindowsCodecs.dll
0x00007ffb37ba0000 - 0x00007ffb37bc7000 	C:\WINDOWS\System32\bcrypt.dll
0x00007ffb2c8d0000 - 0x00007ffb2c9c9000 	C:\WINDOWS\SYSTEM32\textinputframework.dll
0x00007ffb34980000 - 0x00007ffb34cde000 	C:\WINDOWS\System32\CoreUIComponents.dll
0x00007ffb34e80000 - 0x00007ffb34f72000 	C:\WINDOWS\System32\CoreMessaging.dll
0x00007ffb36810000 - 0x00007ffb36843000 	C:\WINDOWS\SYSTEM32\ntmarta.dll
0x00007ffb34370000 - 0x00007ffb344c4000 	C:\WINDOWS\SYSTEM32\wintypes.dll
0x00007ffb2cd60000 - 0x00007ffb2cd79000 	C:\Program Files\Java\jdk-17\bin\net.dll
0x00007ffb29d70000 - 0x00007ffb29e7c000 	C:\WINDOWS\SYSTEM32\WINHTTP.dll
0x00007ffb36e60000 - 0x00007ffb36eca000 	C:\WINDOWS\system32\mswsock.dll
0x00007ffb29750000 - 0x00007ffb29765000 	C:\Program Files\Java\jdk-17\bin\nio.dll
0x00007ffb28240000 - 0x00007ffb28258000 	C:\Program Files\Java\jdk-17\bin\zip.dll

dbghelp: loaded successfully - version: 4.0.5 - missing functions: none
symbol engine: initialized successfully - sym options: 0x614 - pdb path: .;C:\Program Files\Java\jdk-17\bin;C:\WINDOWS\SYSTEM32;C:\Program Files\Avast Software\Avast;C:\WINDOWS\WinSxS\amd64_microsoft.windows.common-controls_6595b64144ccf1df_6.0.19041.1110_none_60b5254171f9507e;C:\Program Files\Java\jdk-17\bin\server

VM Arguments:
jvm_args: -Dfile.encoding=Cp1252 -XX:+ShowCodeDetailsInExceptionMessages 
java_command: InterfaceGraphique.Authentification
java_class_path (initial): C:\Users\USER\eclipse-workspace\GestionTontine\bin
Launcher Type: SUN_STANDARD

[Global flags]
     intx CICompilerCount                          = 2                                         {product} {ergonomic}
     uint ConcGCThreads                            = 1                                         {product} {ergonomic}
     uint G1ConcRefinementThreads                  = 2                                         {product} {ergonomic}
   size_t G1HeapRegionSize                         = 1048576                                   {product} {ergonomic}
    uintx GCDrainStackTargetSize                   = 64                                        {product} {ergonomic}
   size_t InitialHeapSize                          = 134217728                                 {product} {ergonomic}
   size_t MarkStackSize                            = 4194304                                   {product} {ergonomic}
   size_t MaxHeapSize                              = 2118123520                                {product} {ergonomic}
   size_t MaxNewSize                               = 1270874112                                {product} {ergonomic}
   size_t MinHeapDeltaBytes                        = 1048576                                   {product} {ergonomic}
   size_t MinHeapSize                              = 8388608                                   {product} {ergonomic}
    uintx NonNMethodCodeHeapSize                   = 5826188                                {pd product} {ergonomic}
    uintx NonProfiledCodeHeapSize                  = 122916026                              {pd product} {ergonomic}
    uintx ProfiledCodeHeapSize                     = 122916026                              {pd product} {ergonomic}
    uintx ReservedCodeCacheSize                    = 251658240                              {pd product} {ergonomic}
     bool SegmentedCodeCache                       = true                                      {product} {ergonomic}
     bool ShowCodeDetailsInExceptionMessages       = true                                   {manageable} {command line}
   size_t SoftMaxHeapSize                          = 2118123520                             {manageable} {ergonomic}
     bool UseCompressedClassPointers               = true                           {product lp64_product} {ergonomic}
     bool UseCompressedOops                        = true                           {product lp64_product} {ergonomic}
     bool UseG1GC                                  = true                                      {product} {ergonomic}
     bool UseLargePagesIndividualAllocation        = false                                  {pd product} {ergonomic}

Logging:
Log output configuration:
 #0: stdout all=warning uptime,level,tags
 #1: stderr all=off uptime,level,tags

Environment Variables:
JAVA_HOME=C:\Program Files\Java\jdk-17
PATH=C:/Program Files/Java/jdk-17/bin/server;C:/Program Files/Java/jdk-17/bin;C:\ProgramData\Oracle\Java\javapath;C:\Program Files (x86)\NVIDIA Corporation\PhysX\Common;C:\Program Files\Common Files\Oracle\Java\javapath;C:\Program Files (x86)\Common Files\Oracle\Java\javapath;C:\WINDOWS\system32;C:\WINDOWS;C:\WINDOWS\System32\Wbem;C:\WINDOWS\System32\WindowsPowerShell\v1.0\;C:\Apache24\bin;C:\WINDOWS\System32\OpenSSH\;C:\Program Files\Microsoft VS Code\bin;C:\Program Files\Java\jdk-17\bin;C:\Users\USER\eclipse\java-2021-09\eclipse;C:\Program Files (x86)\CodeBlocks\MinGW\bin\;C:\Program Files\Git\cmd;C:\Program Files\nodejs\;C:\ProgramData\chocolatey\bin;C:\Users\USER\anaconda3;C:\Users\USER\anaconda3\Library\mingw-w64\bin;C:\Users\USER\anaconda3\Library\usr\bin;C:\Users\USER\anaconda3\Library\bin;C:\Users\USER\anaconda3\Scripts;C:\Users\USER\AppData\Local\Programs\Python\Python310\Scripts\;C:\Users\USER\AppData\Local\Programs\Python\Python310\;C:\Users\USER\AppData\Local\Programs\Python\Python38-32\Scripts\;C:\Users\USER\AppData\Local\Programs\Python\Python38-32\;C:\Users\USER\AppData\Local\Programs\Python\Python38\Scripts\;C:\Users\USER\AppData\Local\Programs\Python\Python38\;C:\Program Files\JetBrains\PyCharm Community Edition 2020.3.2\bin;;C:\Users\USER\AppData\Local\Programs\Microsoft VS Code\bin;C:\Users\USER\AppData\Local\Microsoft\WindowsApps;C:\Users\USER\AppData\Roaming\npm\;C:\WINDOWS\system32;
USERNAME=USER
OS=Windows_NT
PROCESSOR_IDENTIFIER=Intel64 Family 6 Model 55 Stepping 8, GenuineIntel



---------------  S Y S T E M  ---------------

OS:
 Windows 10 , 64 bit Build 19041 (10.0.19041.2251)
OS uptime: 1 days 22:43 hours

CPU: total 2 (initial active 2) (2 cores per cpu, 1 threads per core) family 6 model 55 stepping 8 microcode 0x838, cx8, cmov, fxsr, mmx, 3dnowpref, sse, sse2, sse3, ssse3, sse4.1, sse4.2, popcnt, tsc, tscinvbit, erms, clmul, clflush

Memory: 4k page, system-wide physical 8078M (466M free)
TotalPageFile size 12078M (AvailPageFile size 1M)
current process WorkingSet (physical memory assigned to process): 71M, peak: 85M
current process commit charge ("private bytes"): 214M, peak: 229M

vm_info: Java HotSpot(TM) 64-Bit Server VM (17+35-LTS-2724) for windows-amd64 JRE (17+35-LTS-2724), built on Aug  5 2021 23:28:28 by "mach5one" with MS VC++ 16.8 (VS2019)

END.
